<?xml version="1.0" encoding="UTF-8"?>
<!-- Generated by org.testng.reporters.JUnitReportReporter -->
<testsuite hostname="LTMU-5CD849C177" failures="0" tests="3" name="TestCases.loginPageUI" time="0.059" errors="0" timestamp="2023-02-04T18:13:49 IST" skipped="1">
  <testcase classname="TestCases.loginPageUI" name="verifyPasswordPlaceholder" time="0.031"/>
  <system-out/>
  <testcase classname="TestCases.loginPageUI" name="verifyUsernamePlaceholder" time="0.028"/>
  <system-out/>
  <testcase classname="TestCases.loginPageUI" name="loginButtonColor">
    <skipped/>
  </testcase> <!-- loginButtonColor -->
  <system-out/>
</testsuite> <!-- TestCases.loginPageUI -->
