<?xml version="1.0" encoding="UTF-8"?>
<!-- Generated by org.testng.reporters.JUnitReportReporter -->
<testsuite hostname="LTMU-5CD849C177" failures="0" tests="2" name="TestCases.LoginPageTest" time="2.762" errors="0" timestamp="2023-02-04T18:13:49 IST" skipped="0">
  <testcase classname="TestCases.LoginPageTest" name="verifyInvalidLoginErrorMessage" time="0.432"/>
  <system-out/>
  <testcase classname="TestCases.LoginPageTest" name="verifySuccessfulLogin" time="2.330"/>
  <system-out/>
</testsuite> <!-- TestCases.LoginPageTest -->
