<?xml version="1.0" encoding="UTF-8"?>
<!-- Generated by org.testng.reporters.JUnitReportReporter -->
<testsuite hostname="LTMU-5CD849C177" failures="0" tests="2" name="TestCases.DemoTest" time="0.215" errors="0" timestamp="2023-02-03T12:20:39 IST" skipped="0">
  <testcase classname="TestCases.DemoTest" name="T1" time="0.206"/>
  <system-out/>
  <testcase classname="TestCases.DemoTest" name="T2" time="0.009"/>
  <system-out/>
</testsuite> <!-- TestCases.DemoTest -->
