<?xml version="1.0" encoding="UTF-8"?>
<!-- Generated by org.testng.reporters.JUnitReportReporter -->
<testsuite hostname="LTMU-5CD849C177" failures="0" tests="1" name="TestCases.login" time="0.738" errors="0" timestamp="2023-01-17T11:05:07 IST" skipped="0">
  <testcase classname="TestCases.login" name="verifyInvalidLoginErrorMessage" time="0.738"/>
  <system-out/>
</testsuite> <!-- TestCases.login -->
