<?xml version="1.0" encoding="UTF-8"?>
<!-- Generated by org.testng.reporters.JUnitReportReporter -->
<testsuite hostname="LTMU-5CD849C177" failures="0" tests="3" name="TestCases.demo" time="0.198" errors="0" timestamp="2023-02-05T16:05:37 IST" skipped="0">
  <testcase classname="TestCases.demo" name="M3" time="0.191"/>
  <system-out/>
  <testcase classname="TestCases.demo" name="testM2" time="0.003"/>
  <system-out/>
  <testcase classname="TestCases.demo" name="testM" time="0.004"/>
  <system-out/>
</testsuite> <!-- TestCases.demo -->
