<?xml version="1.0" encoding="UTF-8"?>
<!-- Generated by org.testng.reporters.JUnitReportReporter -->
<testsuite hostname="Main-PC" failures="0" tests="3" name="TestCases.loginPageUI" time="0.223" errors="0" timestamp="2023-02-08T12:40:47 IST" skipped="1">
  <testcase classname="TestCases.loginPageUI" name="verifyPasswordPlaceholder" time="0.195"/>
  <system-out/>
  <testcase classname="TestCases.loginPageUI" name="verifyUsernamePlaceholder" time="0.028"/>
  <system-out/>
  <testcase classname="TestCases.loginPageUI" name="loginButtonColor">
    <skipped/>
  </testcase> <!-- loginButtonColor -->
  <system-out/>
</testsuite> <!-- TestCases.loginPageUI -->
