<?xml version="1.0" encoding="UTF-8"?>
<!-- Generated by org.testng.reporters.JUnitReportReporter -->
<testsuite hostname="Main-PC" failures="0" tests="2" name="TestCases.LoginPageTest" time="6.498" errors="0" timestamp="2023-02-08T12:40:48 IST" skipped="0">
  <testcase classname="TestCases.LoginPageTest" name="verifySuccessfulLogin" time="2.979"/>
  <system-out/>
  <testcase classname="TestCases.LoginPageTest" name="verifyInvalidLoginErrorMessage" time="3.519"/>
  <system-out/>
</testsuite> <!-- TestCases.LoginPageTest -->
